<?xml version="1.0" encoding="UTF-8"?>
<!-- Generated by org.testng.reporters.JUnitXMLReporter -->
<testsuite hostname="pc" ignored="0" name="Default test" tests="16" failures="0" timestamp="08 окт 2017 10:28:01 GMT" time="0.186" errors="0">
  <testcase name="arrayTest" time="0.04" classname="Code.test"/>
  <testcase name="caseTest" time="0.002" classname="Code.test"/>
  <testcase name="changeTest" time="0.002" classname="Code.test"/>
  <testcase name="changeTest" time="0.002" classname="Code.test"/>
  <testcase name="circleTest" time="0.002" classname="Code.test"/>
  <testcase name="diameterTest" time="0.002" classname="Code.test"/>
  <testcase name="forTest" time="0.001" classname="Code.test"/>
  <testcase name="ifTest" time="0.002" classname="Code.test"/>
  <testcase name="ifTest" time="0.002" classname="Code.test"/>
  <testcase name="ifTest" time="0.001" classname="Code.test"/>
  <testcase name="lenghtTest" time="0.002" classname="Code.test"/>
  <testcase name="matrixTest" time="0.001" classname="Code.test"/>
  <testcase name="ooleanTest" time="0.002" classname="Code.test"/>
  <testcase name="ooleanTest" time="0.002" classname="Code.test"/>
  <testcase name="ooleanTest" time="0.002" classname="Code.test"/>
  <testcase name="whileTest" time="0.001" classname="Code.test"/>
</testsuite> <!-- Default test -->
