<?xml version="1.0" encoding="UTF-8"?>
<testng-results skipped="0" failed="0" ignored="0" total="16" passed="16">
  <reporter-output>
  </reporter-output>
  <suite name="Default suite" duration-ms="186" started-at="2017-10-08T10:28:00Z" finished-at="2017-10-08T10:28:01Z">
    <groups>
    </groups>
    <test name="Default test" duration-ms="186" started-at="2017-10-08T10:28:00Z" finished-at="2017-10-08T10:28:01Z">
      <class name="Code.test">
        <test-method status="PASS" signature="arrayTest(int, [F, float)[pri:0, instance:Code.test@11f406f8]" name="arrayTest" duration-ms="40" started-at="2017-10-08T13:28:00Z" data-provider="arrayProvider" finished-at="2017-10-08T13:28:00Z">
          <params>
            <param index="0">
              <value>
                <![CDATA[4]]>
              </value>
            </param>
            <param index="1">
              <value>
                <![CDATA[[F@15f35bc3]]>
              </value>
            </param>
            <param index="2">
              <value>
                <![CDATA[1]]>
              </value>
            </param>
          </params>
          <reporter-output>
          </reporter-output>
        </test-method> <!-- arrayTest -->
        <test-method status="PASS" signature="caseTest(int, int, java.lang.String)[pri:0, instance:Code.test@11f406f8]" name="caseTest" duration-ms="2" started-at="2017-10-08T13:28:00Z" data-provider="caseProvider" finished-at="2017-10-08T13:28:00Z">
          <params>
            <param index="0">
              <value>
                <![CDATA[12]]>
              </value>
            </param>
            <param index="1">
              <value>
                <![CDATA[4]]>
              </value>
            </param>
            <param index="2">
              <value>
                <![CDATA[queen heart]]>
              </value>
            </param>
          </params>
          <reporter-output>
          </reporter-output>
        </test-method> <!-- caseTest -->
        <test-method status="PASS" signature="changeTest(int, int)[pri:0, instance:Code.test@11f406f8]" name="changeTest" duration-ms="2" started-at="2017-10-08T13:28:00Z" data-provider="changeProvider" finished-at="2017-10-08T13:28:00Z">
          <params>
            <param index="0">
              <value>
                <![CDATA[145]]>
              </value>
            </param>
            <param index="1">
              <value>
                <![CDATA[415]]>
              </value>
            </param>
          </params>
          <reporter-output>
          </reporter-output>
        </test-method> <!-- changeTest -->
        <test-method status="PASS" signature="changeTest(int, int)[pri:0, instance:Code.test@11f406f8]" name="changeTest" duration-ms="2" started-at="2017-10-08T13:28:00Z" data-provider="changeProvider" finished-at="2017-10-08T13:28:00Z">
          <params>
            <param index="0">
              <value>
                <![CDATA[512]]>
              </value>
            </param>
            <param index="1">
              <value>
                <![CDATA[152]]>
              </value>
            </param>
          </params>
          <reporter-output>
          </reporter-output>
        </test-method> <!-- changeTest -->
        <test-method status="PASS" signature="circleTest(double, Code.Code$Circle)[pri:0, instance:Code.test@11f406f8]" name="circleTest" duration-ms="2" started-at="2017-10-08T13:28:00Z" data-provider="circleProvider" finished-at="2017-10-08T13:28:00Z">
          <params>
            <param index="0">
              <value>
                <![CDATA[7.065]]>
              </value>
            </param>
            <param index="1">
              <value>
                <![CDATA[Code.Code$Circle@13dbed9e]]>
              </value>
            </param>
          </params>
          <reporter-output>
          </reporter-output>
        </test-method> <!-- circleTest -->
        <test-method status="PASS" signature="diameterTest(double, double)[pri:0, instance:Code.test@11f406f8]" name="diameterTest" duration-ms="2" started-at="2017-10-08T13:28:00Z" data-provider="diameterProvider" finished-at="2017-10-08T13:28:00Z">
          <params>
            <param index="0">
              <value>
                <![CDATA[7.065]]>
              </value>
            </param>
            <param index="1">
              <value>
                <![CDATA[3.0]]>
              </value>
            </param>
          </params>
          <reporter-output>
          </reporter-output>
        </test-method> <!-- diameterTest -->
        <test-method status="PASS" signature="forTest(double, int, double)[pri:0, instance:Code.test@11f406f8]" name="forTest" duration-ms="1" started-at="2017-10-08T13:28:00Z" data-provider="forProvider" finished-at="2017-10-08T13:28:00Z">
          <params>
            <param index="0">
              <value>
                <![CDATA[2]]>
              </value>
            </param>
            <param index="1">
              <value>
                <![CDATA[3]]>
              </value>
            </param>
            <param index="2">
              <value>
                <![CDATA[8.0]]>
              </value>
            </param>
          </params>
          <reporter-output>
          </reporter-output>
        </test-method> <!-- forTest -->
        <test-method status="PASS" signature="ifTest(double, double, double, double)[pri:0, instance:Code.test@11f406f8]" name="ifTest" duration-ms="2" started-at="2017-10-08T13:28:00Z" data-provider="ifProvider" finished-at="2017-10-08T13:28:00Z">
          <params>
            <param index="0">
              <value>
                <![CDATA[4]]>
              </value>
            </param>
            <param index="1">
              <value>
                <![CDATA[1]]>
              </value>
            </param>
            <param index="2">
              <value>
                <![CDATA[2]]>
              </value>
            </param>
            <param index="3">
              <value>
                <![CDATA[6.0]]>
              </value>
            </param>
          </params>
          <reporter-output>
          </reporter-output>
        </test-method> <!-- ifTest -->
        <test-method status="PASS" signature="ifTest(double, double, double, double)[pri:0, instance:Code.test@11f406f8]" name="ifTest" duration-ms="2" started-at="2017-10-08T13:28:00Z" data-provider="ifProvider" finished-at="2017-10-08T13:28:00Z">
          <params>
            <param index="0">
              <value>
                <![CDATA[1]]>
              </value>
            </param>
            <param index="1">
              <value>
                <![CDATA[4]]>
              </value>
            </param>
            <param index="2">
              <value>
                <![CDATA[4]]>
              </value>
            </param>
            <param index="3">
              <value>
                <![CDATA[8.0]]>
              </value>
            </param>
          </params>
          <reporter-output>
          </reporter-output>
        </test-method> <!-- ifTest -->
        <test-method status="PASS" signature="ifTest(double, double, double, double)[pri:0, instance:Code.test@11f406f8]" name="ifTest" duration-ms="1" started-at="2017-10-08T13:28:00Z" data-provider="ifProvider" finished-at="2017-10-08T13:28:00Z">
          <params>
            <param index="0">
              <value>
                <![CDATA[4]]>
              </value>
            </param>
            <param index="1">
              <value>
                <![CDATA[4]]>
              </value>
            </param>
            <param index="2">
              <value>
                <![CDATA[4]]>
              </value>
            </param>
            <param index="3">
              <value>
                <![CDATA[8.0]]>
              </value>
            </param>
          </params>
          <reporter-output>
          </reporter-output>
        </test-method> <!-- ifTest -->
        <test-method status="PASS" signature="lenghtTest(double, double)[pri:0, instance:Code.test@11f406f8]" name="lenghtTest" duration-ms="2" started-at="2017-10-08T13:28:00Z" data-provider="lenghtProvider" finished-at="2017-10-08T13:28:00Z">
          <params>
            <param index="0">
              <value>
                <![CDATA[7.065]]>
              </value>
            </param>
            <param index="1">
              <value>
                <![CDATA[9.42]]>
              </value>
            </param>
          </params>
          <reporter-output>
          </reporter-output>
        </test-method> <!-- lenghtTest -->
        <test-method status="PASS" signature="matrixTest(int, int, [[I, int, [[I)[pri:0, instance:Code.test@11f406f8]" name="matrixTest" duration-ms="1" started-at="2017-10-08T13:28:00Z" data-provider="matrixProvider" finished-at="2017-10-08T13:28:00Z">
          <params>
            <param index="0">
              <value>
                <![CDATA[3]]>
              </value>
            </param>
            <param index="1">
              <value>
                <![CDATA[3]]>
              </value>
            </param>
            <param index="2">
              <value>
                <![CDATA[[[I@167381c7]]>
              </value>
            </param>
            <param index="3">
              <value>
                <![CDATA[1]]>
              </value>
            </param>
            <param index="4">
              <value>
                <![CDATA[[[I@608b1fd2]]>
              </value>
            </param>
          </params>
          <reporter-output>
          </reporter-output>
        </test-method> <!-- matrixTest -->
        <test-method status="PASS" signature="ooleanTest(int, int, int, boolean)[pri:0, instance:Code.test@11f406f8]" name="ooleanTest" duration-ms="2" started-at="2017-10-08T13:28:01Z" data-provider="booleanProvider" finished-at="2017-10-08T13:28:01Z">
          <params>
            <param index="0">
              <value>
                <![CDATA[1]]>
              </value>
            </param>
            <param index="1">
              <value>
                <![CDATA[-1]]>
              </value>
            </param>
            <param index="2">
              <value>
                <![CDATA[4]]>
              </value>
            </param>
            <param index="3">
              <value>
                <![CDATA[true]]>
              </value>
            </param>
          </params>
          <reporter-output>
          </reporter-output>
        </test-method> <!-- ooleanTest -->
        <test-method status="PASS" signature="ooleanTest(int, int, int, boolean)[pri:0, instance:Code.test@11f406f8]" name="ooleanTest" duration-ms="2" started-at="2017-10-08T13:28:01Z" data-provider="booleanProvider" finished-at="2017-10-08T13:28:01Z">
          <params>
            <param index="0">
              <value>
                <![CDATA[1]]>
              </value>
            </param>
            <param index="1">
              <value>
                <![CDATA[1]]>
              </value>
            </param>
            <param index="2">
              <value>
                <![CDATA[4]]>
              </value>
            </param>
            <param index="3">
              <value>
                <![CDATA[false]]>
              </value>
            </param>
          </params>
          <reporter-output>
          </reporter-output>
        </test-method> <!-- ooleanTest -->
        <test-method status="PASS" signature="ooleanTest(int, int, int, boolean)[pri:0, instance:Code.test@11f406f8]" name="ooleanTest" duration-ms="2" started-at="2017-10-08T13:28:01Z" data-provider="booleanProvider" finished-at="2017-10-08T13:28:01Z">
          <params>
            <param index="0">
              <value>
                <![CDATA[-1]]>
              </value>
            </param>
            <param index="1">
              <value>
                <![CDATA[-1]]>
              </value>
            </param>
            <param index="2">
              <value>
                <![CDATA[4]]>
              </value>
            </param>
            <param index="3">
              <value>
                <![CDATA[false]]>
              </value>
            </param>
          </params>
          <reporter-output>
          </reporter-output>
        </test-method> <!-- ooleanTest -->
        <test-method status="PASS" signature="whileTest(float, int)[pri:0, instance:Code.test@11f406f8]" name="whileTest" duration-ms="1" started-at="2017-10-08T13:28:01Z" data-provider="whileProvider" finished-at="2017-10-08T13:28:01Z">
          <params>
            <param index="0">
              <value>
                <![CDATA[4]]>
              </value>
            </param>
            <param index="1">
              <value>
                <![CDATA[3]]>
              </value>
            </param>
          </params>
          <reporter-output>
          </reporter-output>
        </test-method> <!-- whileTest -->
      </class> <!-- Code.test -->
    </test> <!-- Default test -->
  </suite> <!-- Default suite -->
</testng-results>
